Determining if the pthread_create exist failed with the following output:
Change Dir: /home/luciferthefirstt/LuciferTheFirstt/workspace/workspace/projects/AL/lab11/lab-11-process/CMakeFiles/CMakeTmp

Run Build Command:"/usr/bin/make" "cmTC_0a285/fast"
/usr/bin/make -f CMakeFiles/cmTC_0a285.dir/build.make CMakeFiles/cmTC_0a285.dir/build
make[1]: Entering directory '/home/luciferthefirstt/LuciferTheFirstt/workspace/workspace/projects/AL/lab11/lab-11-process/CMakeFiles/CMakeTmp'
Building C object CMakeFiles/cmTC_0a285.dir/CheckSymbolExists.c.o
/usr/bin/cc    -o CMakeFiles/cmTC_0a285.dir/CheckSymbolExists.c.o   -c /home/luciferthefirstt/LuciferTheFirstt/workspace/workspace/projects/AL/lab11/lab-11-process/CMakeFiles/CMakeTmp/CheckSymbolExists.c
Linking C executable cmTC_0a285
/usr/bin/cmake -E cmake_link_script CMakeFiles/cmTC_0a285.dir/link.txt --verbose=1
/usr/bin/cc      -rdynamic CMakeFiles/cmTC_0a285.dir/CheckSymbolExists.c.o  -o cmTC_0a285 
CMakeFiles/cmTC_0a285.dir/CheckSymbolExists.c.o: In function `main':
CheckSymbolExists.c:(.text+0x1b): undefined reference to `pthread_create'
collect2: error: ld returned 1 exit status
CMakeFiles/cmTC_0a285.dir/build.make:97: recipe for target 'cmTC_0a285' failed
make[1]: *** [cmTC_0a285] Error 1
make[1]: Leaving directory '/home/luciferthefirstt/LuciferTheFirstt/workspace/workspace/projects/AL/lab11/lab-11-process/CMakeFiles/CMakeTmp'
Makefile:126: recipe for target 'cmTC_0a285/fast' failed
make: *** [cmTC_0a285/fast] Error 2

File /home/luciferthefirstt/LuciferTheFirstt/workspace/workspace/projects/AL/lab11/lab-11-process/CMakeFiles/CMakeTmp/CheckSymbolExists.c:
/* */
#include <pthread.h>

int main(int argc, char** argv)
{
  (void)argv;
#ifndef pthread_create
  return ((int*)(&pthread_create))[argc];
#else
  (void)argc;
  return 0;
#endif
}

Determining if the pthread_create exist failed with the following output:
Change Dir: /home/luciferthefirstt/LuciferTheFirstt/workspace/workspace/projects/AL/lab11/lab11/CMakeFiles/CMakeTmp

Run Build Command:"/usr/bin/make" "cmTC_d2c4a/fast"
/usr/bin/make -f CMakeFiles/cmTC_d2c4a.dir/build.make CMakeFiles/cmTC_d2c4a.dir/build
make[1]: Entering directory '/home/luciferthefirstt/LuciferTheFirstt/workspace/workspace/projects/AL/lab11/lab11/CMakeFiles/CMakeTmp'
Building C object CMakeFiles/cmTC_d2c4a.dir/CheckSymbolExists.c.o
/usr/bin/cc    -o CMakeFiles/cmTC_d2c4a.dir/CheckSymbolExists.c.o   -c /home/luciferthefirstt/LuciferTheFirstt/workspace/workspace/projects/AL/lab11/lab11/CMakeFiles/CMakeTmp/CheckSymbolExists.c
Linking C executable cmTC_d2c4a
/usr/bin/cmake -E cmake_link_script CMakeFiles/cmTC_d2c4a.dir/link.txt --verbose=1
/usr/bin/cc      -rdynamic CMakeFiles/cmTC_d2c4a.dir/CheckSymbolExists.c.o  -o cmTC_d2c4a 
CMakeFiles/cmTC_d2c4a.dir/CheckSymbolExists.c.o: In function `main':
CheckSymbolExists.c:(.text+0x1b): undefined reference to `pthread_create'
collect2: error: ld returned 1 exit status
CMakeFiles/cmTC_d2c4a.dir/build.make:97: recipe for target 'cmTC_d2c4a' failed
make[1]: *** [cmTC_d2c4a] Error 1
make[1]: Leaving directory '/home/luciferthefirstt/LuciferTheFirstt/workspace/workspace/projects/AL/lab11/lab11/CMakeFiles/CMakeTmp'
Makefile:126: recipe for target 'cmTC_d2c4a/fast' failed
make: *** [cmTC_d2c4a/fast] Error 2

File /home/luciferthefirstt/LuciferTheFirstt/workspace/workspace/projects/AL/lab11/lab11/CMakeFiles/CMakeTmp/CheckSymbolExists.c:
/* */
#include <pthread.h>

int main(int argc, char** argv)
{
  (void)argv;
#ifndef pthread_create
  return ((int*)(&pthread_create))[argc];
#else
  (void)argc;
  return 0;
#endif
}

Determining if the include file pthread.h exists failed with the following output:
Change Dir: C:/Users/Lucifer/Source/Repos/lab11/lab-11-process/CMakeFiles/CMakeTmp

Run Build Command(s):D:/VS2019/MSBuild/Current/Bin/MSBuild.exe cmTC_fedea.vcxproj /p:Configuration=Debug /p:Platform=Win32 /p:VisualStudioVersion=16.0 /v:m 
Microsoft (R) Build Engine версии 16.3.2+e481bbf88 для .NET Framework
(C) Корпорация Майкрософт (Microsoft Corporation). Все права защищены.

  Оптимизирующий компилятор Microsoft (R) C/C++ версии 19.23.28106.4 для x86
  CheckIncludeFile.c
  (C) Корпорация Майкрософт (Microsoft Corporation).  Все права защищены.
  cl /c /Zi /W3 /WX- /diagnostics:column /Od /Ob0 /Oy- /D WIN32 /D _WINDOWS /D "CMAKE_INTDIR=\"Debug\"" /D _MBCS /Gm- /RTC1 /MDd /GS /fp:precise /Zc:wchar_t /Zc:forScope /Zc:inline /Fo"cmTC_fedea.dir\Debug\\" /Fd"cmTC_fedea.dir\Debug\vc142.pdb" /Gd /TC /analyze- /errorReport:queue "C:\Users\Lucifer\Source\Repos\lab11\lab-11-process\CMakeFiles\CMakeTmp\CheckIncludeFile.c"
C:\Users\Lucifer\Source\Repos\lab11\lab-11-process\CMakeFiles\CMakeTmp\CheckIncludeFile.c(1,10): fatal error C1083: Не удается открыть файл включение: pthread.h: No such file or directory, [C:\Users\Lucifer\Source\Repos\lab11\lab-11-process\CMakeFiles\CMakeTmp\cmTC_fedea.vcxproj]


